Relative to NUPACK 3.0, the following changes were introduced to
the complexes executable:
  -ordered is on by default
  output files .cx and .cx-epairs are not written
  the comment lines in .ocx-epairs and .ocx-mfe employ updated terminology
Use the -v3.0 option to revert to NUPACK 3.0 behavior.

There is no input list input/walker.list.
Permutation generation complete.
Starting partition function calculations.
Rough time estimate for calculation: 41.18 seconds
Status: Set 1 / 14: nPerms (1)  1 / 15
Status: Set 2 / 14: nPerms (1)  2 / 15
Status: Set 3 / 14: nPerms (1)  3 / 15
Status: Set 4 / 14: nPerms (1)  4 / 15
Status: Set 5 / 14: nPerms (1)  5 / 15
Status: Set 6 / 14: nPerms (1)  6 / 15
Status: Set 7 / 14: nPerms (1)  7 / 15
Status: Set 8 / 14: nPerms (1)  8 / 15
Status: Set 9 / 14: nPerms (1)  9 / 15
Status: Set 10 / 14: nPerms (1)  10 / 15
Status: Set 11 / 14: nPerms (1)  11 / 15
Status: Set 12 / 14: nPerms (2)  12 / 15
Status: Set 13 / 14: nPerms (1)  14 / 15
Status: Set 14 / 14: nPerms (1)  15 / 15
Total number of terms calculated: 15 (15)
Calculation finished on: Mon Mar  6 23:42:33 2017

