This file contains any messages produced by compilers while
running configure, to aid debugging if configure makes a mistake.

It was created by UNAFold configure 3.6, which was
generated by GNU Autoconf 2.61.  Invocation command line was

  $ ./configure --prefix=/srv/data/aydemiro

## --------- ##
## Platform. ##
## --------- ##

hostname = pbaileywebcit
uname -m = x86_64
uname -r = 3.10.0-862.14.4.el7.x86_64
uname -s = Linux
uname -v = #1 SMP Fri Sep 21 09:07:21 UTC 2018

/usr/bin/uname -p = x86_64
/bin/uname -X     = unknown

/bin/arch              = x86_64
/usr/bin/arch -k       = unknown
/usr/convex/getsysinfo = unknown
/usr/bin/hostinfo      = unknown
/bin/machine           = unknown
/usr/bin/oslevel       = unknown
/bin/universe          = unknown

PATH: /usr/local/go/bin
PATH: /usr/local/bin
PATH: /usr/bin
PATH: /usr/local/sbin
PATH: /usr/sbin
PATH: /opt/puppetlabs/bin
PATH: /home/oaydemir/go/bin
PATH: /home/oaydemir/.local/bin
PATH: /home/oaydemir/bin


## ----------- ##
## Core tests. ##
## ----------- ##

configure:1844: checking for a BSD-compatible install
configure:1900: result: /usr/bin/install -c
configure:1911: checking whether build environment is sane
configure:1954: result: yes
configure:1982: checking for a thread-safe mkdir -p
configure:2021: result: /usr/bin/mkdir -p
configure:2034: checking for gawk
configure:2050: found /usr/bin/gawk
configure:2061: result: gawk
configure:2072: checking whether make sets $(MAKE)
configure:2093: result: yes
configure:2287: checking build system type
configure:2305: result: x86_64-unknown-linux-gnu
configure:2375: checking for gcc
configure:2391: found /usr/bin/gcc
configure:2402: result: gcc
configure:2640: checking for C compiler version
configure:2647: gcc --version >&5
gcc (GCC) 4.8.5 20150623 (Red Hat 4.8.5-28)
Copyright (C) 2015 Free Software Foundation, Inc.
This is free software; see the source for copying conditions.  There is NO
warranty; not even for MERCHANTABILITY or FITNESS FOR A PARTICULAR PURPOSE.

configure:2650: $? = 0
configure:2657: gcc -v >&5
Using built-in specs.
COLLECT_GCC=gcc
COLLECT_LTO_WRAPPER=/usr/libexec/gcc/x86_64-redhat-linux/4.8.5/lto-wrapper
Target: x86_64-redhat-linux
Configured with: ../configure --prefix=/usr --mandir=/usr/share/man --infodir=/usr/share/info --with-bugurl=http://bugzilla.redhat.com/bugzilla --enable-bootstrap --enable-shared --enable-threads=posix --enable-checking=release --with-system-zlib --enable-__cxa_atexit --disable-libunwind-exceptions --enable-gnu-unique-object --enable-linker-build-id --with-linker-hash-style=gnu --enable-languages=c,c++,objc,obj-c++,java,fortran,ada,go,lto --enable-plugin --enable-initfini-array --disable-libgcj --with-isl=/builddir/build/BUILD/gcc-4.8.5-20150702/obj-x86_64-redhat-linux/isl-install --with-cloog=/builddir/build/BUILD/gcc-4.8.5-20150702/obj-x86_64-redhat-linux/cloog-install --enable-gnu-indirect-function --with-tune=generic --with-arch_32=x86-64 --build=x86_64-redhat-linux
Thread model: posix
gcc version 4.8.5 20150623 (Red Hat 4.8.5-28) (GCC) 
configure:2660: $? = 0
configure:2667: gcc -V >&5
gcc: error: unrecognized command line option '-V'
gcc: fatal error: no input files
compilation terminated.
configure:2670: $? = 4
configure:2693: checking for C compiler default output file name
configure:2720: gcc    conftest.c  >&5
configure:2723: $? = 0
configure:2761: result: a.out
configure:2778: checking whether the C compiler works
configure:2788: ./a.out
configure:2791: $? = 0
configure:2808: result: yes
configure:2815: checking whether we are cross compiling
configure:2817: result: no
configure:2820: checking for suffix of executables
configure:2827: gcc -o conftest    conftest.c  >&5
configure:2830: $? = 0
configure:2854: result: 
configure:2860: checking for suffix of object files
configure:2886: gcc -c   conftest.c >&5
configure:2889: $? = 0
configure:2912: result: o
configure:2916: checking whether we are using the GNU C compiler
configure:2945: gcc -c   conftest.c >&5
configure:2951: $? = 0
configure:2968: result: yes
configure:2973: checking whether gcc accepts -g
configure:3003: gcc -c -g  conftest.c >&5
configure:3009: $? = 0
configure:3108: result: yes
configure:3125: checking for gcc option to accept ISO C89
configure:3199: gcc  -c -g -O2  conftest.c >&5
configure:3205: $? = 0
configure:3228: result: none needed
configure:3257: checking for style of include used by make
configure:3285: result: GNU
configure:3310: checking dependency style of gcc
configure:3401: result: gcc3
configure:3429: checking for a BSD-compatible install
configure:3485: result: /usr/bin/install -c
configure:3496: checking whether ln -s works
configure:3500: result: yes
configure:3509: checking for perl
configure:3527: found /usr/bin/perl
configure:3539: result: /usr/bin/perl
configure:3597: checking for perl version greater than or equal to 5.6.1
configure:3609: result: ok
configure:3620: checking for gnuplot
configure:3650: result: no
configure:3656: checking whether compiler needs -mieee
configure:3665: result: no
configure:3678: checking how to run the C preprocessor
configure:3718: gcc -E  conftest.c
configure:3724: $? = 0
configure:3755: gcc -E  conftest.c
conftest.c:10:28: fatal error: ac_nonexistent.h: No such file or directory
 #include <ac_nonexistent.h>
                            ^
compilation terminated.
configure:3761: $? = 1
configure: failed program was:
| /* confdefs.h.  */
| #define PACKAGE_NAME "UNAFold"
| #define PACKAGE_TARNAME "unafold"
| #define PACKAGE_VERSION "3.6"
| #define PACKAGE_STRING "UNAFold 3.6"
| #define PACKAGE_BUGREPORT "markhn@rpi.edu"
| #define PACKAGE "unafold"
| #define VERSION "3.6"
| /* end confdefs.h.  */
| #include <ac_nonexistent.h>
configure:3794: result: gcc -E
configure:3823: gcc -E  conftest.c
configure:3829: $? = 0
configure:3860: gcc -E  conftest.c
conftest.c:10:28: fatal error: ac_nonexistent.h: No such file or directory
 #include <ac_nonexistent.h>
                            ^
compilation terminated.
configure:3866: $? = 1
configure: failed program was:
| /* confdefs.h.  */
| #define PACKAGE_NAME "UNAFold"
| #define PACKAGE_TARNAME "unafold"
| #define PACKAGE_VERSION "3.6"
| #define PACKAGE_STRING "UNAFold 3.6"
| #define PACKAGE_BUGREPORT "markhn@rpi.edu"
| #define PACKAGE "unafold"
| #define VERSION "3.6"
| /* end confdefs.h.  */
| #include <ac_nonexistent.h>
configure:3904: checking for X
configure:4019: gcc -E  conftest.c
conftest.c:10:22: fatal error: X11/Xlib.h: No such file or directory
 #include <X11/Xlib.h>
                      ^
compilation terminated.
configure:4025: $? = 1
configure: failed program was:
| /* confdefs.h.  */
| #define PACKAGE_NAME "UNAFold"
| #define PACKAGE_TARNAME "unafold"
| #define PACKAGE_VERSION "3.6"
| #define PACKAGE_STRING "UNAFold 3.6"
| #define PACKAGE_BUGREPORT "markhn@rpi.edu"
| #define PACKAGE "unafold"
| #define VERSION "3.6"
| /* end confdefs.h.  */
| #include <X11/Xlib.h>
configure:4074: gcc -o conftest -g -O2   conftest.c -lX11  >&5
conftest.c:10:22: fatal error: X11/Xlib.h: No such file or directory
 #include <X11/Xlib.h>
                      ^
compilation terminated.
configure:4080: $? = 1
configure: failed program was:
| /* confdefs.h.  */
| #define PACKAGE_NAME "UNAFold"
| #define PACKAGE_TARNAME "unafold"
| #define PACKAGE_VERSION "3.6"
| #define PACKAGE_STRING "UNAFold 3.6"
| #define PACKAGE_BUGREPORT "markhn@rpi.edu"
| #define PACKAGE "unafold"
| #define VERSION "3.6"
| /* end confdefs.h.  */
| #include <X11/Xlib.h>
| int
| main ()
| {
| XrmInitialize ()
|   ;
|   return 0;
| }
configure:4128: result: no
configure:4143: checking host system type
configure:4158: result: x86_64-unknown-linux-gnu
configure:4371: checking for the pthreads library -lpthreads
configure:4414: gcc -o conftest -g -O2    conftest.c -lpthreads  >&5
/usr/bin/ld: cannot find -lpthreads
collect2: error: ld returned 1 exit status
configure:4420: $? = 1
configure: failed program was:
| /* confdefs.h.  */
| #define PACKAGE_NAME "UNAFold"
| #define PACKAGE_TARNAME "unafold"
| #define PACKAGE_VERSION "3.6"
| #define PACKAGE_STRING "UNAFold 3.6"
| #define PACKAGE_BUGREPORT "markhn@rpi.edu"
| #define PACKAGE "unafold"
| #define VERSION "3.6"
| /* end confdefs.h.  */
| #include <pthread.h>
| int
| main ()
| {
| pthread_t th; pthread_join(th, 0);
|                      pthread_attr_init(0); pthread_cleanup_push(0, 0);
|                      pthread_create(0,0,0,0); pthread_cleanup_pop(0);
|   ;
|   return 0;
| }
configure:4440: result: no
configure:4316: checking whether pthreads work without any flags
configure:4414: gcc -o conftest -g -O2    conftest.c   >&5
/tmp/ccTFO1cS.o: In function `main':
/home/oaydemir/programs/unafold-3.6/conftest.c:14: undefined reference to `pthread_join'
/home/oaydemir/programs/unafold-3.6/conftest.c:15: undefined reference to `__pthread_register_cancel'
/home/oaydemir/programs/unafold-3.6/conftest.c:16: undefined reference to `pthread_create'
/home/oaydemir/programs/unafold-3.6/conftest.c:16: undefined reference to `__pthread_unregister_cancel'
collect2: error: ld returned 1 exit status
configure:4420: $? = 1
configure: failed program was:
| /* confdefs.h.  */
| #define PACKAGE_NAME "UNAFold"
| #define PACKAGE_TARNAME "unafold"
| #define PACKAGE_VERSION "3.6"
| #define PACKAGE_STRING "UNAFold 3.6"
| #define PACKAGE_BUGREPORT "markhn@rpi.edu"
| #define PACKAGE "unafold"
| #define VERSION "3.6"
| /* end confdefs.h.  */
| #include <pthread.h>
| int
| main ()
| {
| pthread_t th; pthread_join(th, 0);
|                      pthread_attr_init(0); pthread_cleanup_push(0, 0);
|                      pthread_create(0,0,0,0); pthread_cleanup_pop(0);
|   ;
|   return 0;
| }
configure:4440: result: no
configure:4321: checking whether pthreads work with -Kthread
configure:4414: gcc -o conftest -g -O2 -Kthread   conftest.c   >&5
gcc: error: unrecognized command line option '-Kthread'
configure:4420: $? = 1
configure: failed program was:
| /* confdefs.h.  */
| #define PACKAGE_NAME "UNAFold"
| #define PACKAGE_TARNAME "unafold"
| #define PACKAGE_VERSION "3.6"
| #define PACKAGE_STRING "UNAFold 3.6"
| #define PACKAGE_BUGREPORT "markhn@rpi.edu"
| #define PACKAGE "unafold"
| #define VERSION "3.6"
| /* end confdefs.h.  */
| #include <pthread.h>
| int
| main ()
| {
| pthread_t th; pthread_join(th, 0);
|                      pthread_attr_init(0); pthread_cleanup_push(0, 0);
|                      pthread_create(0,0,0,0); pthread_cleanup_pop(0);
|   ;
|   return 0;
| }
configure:4440: result: no
configure:4321: checking whether pthreads work with -kthread
configure:4414: gcc -o conftest -g -O2 -kthread   conftest.c   >&5
gcc: error: unrecognized command line option '-kthread'
configure:4420: $? = 1
configure: failed program was:
| /* confdefs.h.  */
| #define PACKAGE_NAME "UNAFold"
| #define PACKAGE_TARNAME "unafold"
| #define PACKAGE_VERSION "3.6"
| #define PACKAGE_STRING "UNAFold 3.6"
| #define PACKAGE_BUGREPORT "markhn@rpi.edu"
| #define PACKAGE "unafold"
| #define VERSION "3.6"
| /* end confdefs.h.  */
| #include <pthread.h>
| int
| main ()
| {
| pthread_t th; pthread_join(th, 0);
|                      pthread_attr_init(0); pthread_cleanup_push(0, 0);
|                      pthread_create(0,0,0,0); pthread_cleanup_pop(0);
|   ;
|   return 0;
| }
configure:4440: result: no
configure:4371: checking for the pthreads library -llthread
configure:4414: gcc -o conftest -g -O2    conftest.c -llthread  >&5
/usr/bin/ld: cannot find -llthread
collect2: error: ld returned 1 exit status
configure:4420: $? = 1
configure: failed program was:
| /* confdefs.h.  */
| #define PACKAGE_NAME "UNAFold"
| #define PACKAGE_TARNAME "unafold"
| #define PACKAGE_VERSION "3.6"
| #define PACKAGE_STRING "UNAFold 3.6"
| #define PACKAGE_BUGREPORT "markhn@rpi.edu"
| #define PACKAGE "unafold"
| #define VERSION "3.6"
| /* end confdefs.h.  */
| #include <pthread.h>
| int
| main ()
| {
| pthread_t th; pthread_join(th, 0);
|                      pthread_attr_init(0); pthread_cleanup_push(0, 0);
|                      pthread_create(0,0,0,0); pthread_cleanup_pop(0);
|   ;
|   return 0;
| }
configure:4440: result: no
configure:4321: checking whether pthreads work with -pthread
configure:4414: gcc -o conftest -g -O2 -pthread   conftest.c   >&5
configure:4420: $? = 0
configure:4440: result: yes
configure:4460: checking for joinable pthread attribute
configure:4483: gcc -o conftest -g -O2 -pthread   conftest.c   >&5
configure:4489: $? = 0
configure:4557: result: PTHREAD_CREATE_JOINABLE
configure:4564: checking if more special flags are required for pthreads
configure:4571: result: no
configure:4583: checking for cc_r
configure:4611: result: gcc
configure:4646: checking for grep that handles long lines and -e
configure:4720: result: /usr/bin/grep
configure:4725: checking for egrep
configure:4803: result: /usr/bin/grep -E
configure:4808: checking for ANSI C header files
configure:4838: gcc -c -g -O2  conftest.c >&5
configure:4844: $? = 0
configure:4943: gcc -o conftest -g -O2   conftest.c  >&5
configure:4946: $? = 0
configure:4952: ./conftest
configure:4955: $? = 0
configure:4972: result: yes
configure:4996: checking for sys/types.h
configure:5017: gcc -c -g -O2  conftest.c >&5
configure:5023: $? = 0
configure:5039: result: yes
configure:4996: checking for sys/stat.h
configure:5017: gcc -c -g -O2  conftest.c >&5
configure:5023: $? = 0
configure:5039: result: yes
configure:4996: checking for stdlib.h
configure:5017: gcc -c -g -O2  conftest.c >&5
configure:5023: $? = 0
configure:5039: result: yes
configure:4996: checking for string.h
configure:5017: gcc -c -g -O2  conftest.c >&5
configure:5023: $? = 0
configure:5039: result: yes
configure:4996: checking for memory.h
configure:5017: gcc -c -g -O2  conftest.c >&5
configure:5023: $? = 0
configure:5039: result: yes
configure:4996: checking for strings.h
configure:5017: gcc -c -g -O2  conftest.c >&5
configure:5023: $? = 0
configure:5039: result: yes
configure:4996: checking for inttypes.h
configure:5017: gcc -c -g -O2  conftest.c >&5
configure:5023: $? = 0
configure:5039: result: yes
configure:4996: checking for stdint.h
configure:5017: gcc -c -g -O2  conftest.c >&5
configure:5023: $? = 0
configure:5039: result: yes
configure:4996: checking for unistd.h
configure:5017: gcc -c -g -O2  conftest.c >&5
configure:5023: $? = 0
configure:5039: result: yes
configure:5110: checking windows.h usability
configure:5127: gcc -c -g -O2  conftest.c >&5
conftest.c:54:21: fatal error: windows.h: No such file or directory
 #include <windows.h>
                     ^
compilation terminated.
configure:5133: $? = 1
configure: failed program was:
| /* confdefs.h.  */
| #define PACKAGE_NAME "UNAFold"
| #define PACKAGE_TARNAME "unafold"
| #define PACKAGE_VERSION "3.6"
| #define PACKAGE_STRING "UNAFold 3.6"
| #define PACKAGE_BUGREPORT "markhn@rpi.edu"
| #define PACKAGE "unafold"
| #define VERSION "3.6"
| #define HAVE_PTHREAD 1
| #define STDC_HEADERS 1
| #define HAVE_SYS_TYPES_H 1
| #define HAVE_SYS_STAT_H 1
| #define HAVE_STDLIB_H 1
| #define HAVE_STRING_H 1
| #define HAVE_MEMORY_H 1
| #define HAVE_STRINGS_H 1
| #define HAVE_INTTYPES_H 1
| #define HAVE_STDINT_H 1
| #define HAVE_UNISTD_H 1
| /* end confdefs.h.  */
| #include <stdio.h>
| #ifdef HAVE_SYS_TYPES_H
| # include <sys/types.h>
| #endif
| #ifdef HAVE_SYS_STAT_H
| # include <sys/stat.h>
| #endif
| #ifdef STDC_HEADERS
| # include <stdlib.h>
| # include <stddef.h>
| #else
| # ifdef HAVE_STDLIB_H
| #  include <stdlib.h>
| # endif
| #endif
| #ifdef HAVE_STRING_H
| # if !defined STDC_HEADERS && defined HAVE_MEMORY_H
| #  include <memory.h>
| # endif
| # include <string.h>
| #endif
| #ifdef HAVE_STRINGS_H
| # include <strings.h>
| #endif
| #ifdef HAVE_INTTYPES_H
| # include <inttypes.h>
| #endif
| #ifdef HAVE_STDINT_H
| # include <stdint.h>
| #endif
| #ifdef HAVE_UNISTD_H
| # include <unistd.h>
| #endif
| #include <windows.h>
configure:5147: result: no
configure:5151: checking windows.h presence
configure:5166: gcc -E  conftest.c
conftest.c:21:21: fatal error: windows.h: No such file or directory
 #include <windows.h>
                     ^
compilation terminated.
configure:5172: $? = 1
configure: failed program was:
| /* confdefs.h.  */
| #define PACKAGE_NAME "UNAFold"
| #define PACKAGE_TARNAME "unafold"
| #define PACKAGE_VERSION "3.6"
| #define PACKAGE_STRING "UNAFold 3.6"
| #define PACKAGE_BUGREPORT "markhn@rpi.edu"
| #define PACKAGE "unafold"
| #define VERSION "3.6"
| #define HAVE_PTHREAD 1
| #define STDC_HEADERS 1
| #define HAVE_SYS_TYPES_H 1
| #define HAVE_SYS_STAT_H 1
| #define HAVE_STDLIB_H 1
| #define HAVE_STRING_H 1
| #define HAVE_MEMORY_H 1
| #define HAVE_STRINGS_H 1
| #define HAVE_INTTYPES_H 1
| #define HAVE_STDINT_H 1
| #define HAVE_UNISTD_H 1
| /* end confdefs.h.  */
| #include <windows.h>
configure:5186: result: no
configure:5219: checking for windows.h
configure:5227: result: no
configure:5241: checking for OpenGL library
configure:5285: gcc -o conftest -g -O2 -pthread   conftest.c -lopengl32  -lm  >&5
conftest.c:25:20: fatal error: GL/gl.h: No such file or directory
 # include <GL/gl.h>
                    ^
compilation terminated.
configure:5291: $? = 1
configure: failed program was:
| /* confdefs.h.  */
| #define PACKAGE_NAME "UNAFold"
| #define PACKAGE_TARNAME "unafold"
| #define PACKAGE_VERSION "3.6"
| #define PACKAGE_STRING "UNAFold 3.6"
| #define PACKAGE_BUGREPORT "markhn@rpi.edu"
| #define PACKAGE "unafold"
| #define VERSION "3.6"
| #define HAVE_PTHREAD 1
| #define STDC_HEADERS 1
| #define HAVE_SYS_TYPES_H 1
| #define HAVE_SYS_STAT_H 1
| #define HAVE_STDLIB_H 1
| #define HAVE_STRING_H 1
| #define HAVE_MEMORY_H 1
| #define HAVE_STRINGS_H 1
| #define HAVE_INTTYPES_H 1
| #define HAVE_STDINT_H 1
| #define HAVE_UNISTD_H 1
| /* end confdefs.h.  */
| 
| # if HAVE_WINDOWS_H && defined(_WIN32)
| #   include <windows.h>
| # endif
| # include <GL/gl.h>
| 
| int
| main ()
| {
| glBegin(0)
|   ;
|   return 0;
| }
configure:5285: gcc -o conftest -g -O2 -pthread   conftest.c -lGL  -lm  >&5
conftest.c:25:20: fatal error: GL/gl.h: No such file or directory
 # include <GL/gl.h>
                    ^
compilation terminated.
configure:5291: $? = 1
configure: failed program was:
| /* confdefs.h.  */
| #define PACKAGE_NAME "UNAFold"
| #define PACKAGE_TARNAME "unafold"
| #define PACKAGE_VERSION "3.6"
| #define PACKAGE_STRING "UNAFold 3.6"
| #define PACKAGE_BUGREPORT "markhn@rpi.edu"
| #define PACKAGE "unafold"
| #define VERSION "3.6"
| #define HAVE_PTHREAD 1
| #define STDC_HEADERS 1
| #define HAVE_SYS_TYPES_H 1
| #define HAVE_SYS_STAT_H 1
| #define HAVE_STDLIB_H 1
| #define HAVE_STRING_H 1
| #define HAVE_MEMORY_H 1
| #define HAVE_STRINGS_H 1
| #define HAVE_INTTYPES_H 1
| #define HAVE_STDINT_H 1
| #define HAVE_UNISTD_H 1
| /* end confdefs.h.  */
| 
| # if HAVE_WINDOWS_H && defined(_WIN32)
| #   include <windows.h>
| # endif
| # include <GL/gl.h>
| 
| int
| main ()
| {
| glBegin(0)
|   ;
|   return 0;
| }
configure:5311: result: no
configure:5390: checking for g++
configure:5406: found /usr/bin/g++
configure:5417: result: g++
configure:5448: checking for C++ compiler version
configure:5455: g++ --version >&5
g++ (GCC) 4.8.5 20150623 (Red Hat 4.8.5-28)
Copyright (C) 2015 Free Software Foundation, Inc.
This is free software; see the source for copying conditions.  There is NO
warranty; not even for MERCHANTABILITY or FITNESS FOR A PARTICULAR PURPOSE.

configure:5458: $? = 0
configure:5465: g++ -v >&5
Using built-in specs.
COLLECT_GCC=g++
COLLECT_LTO_WRAPPER=/usr/libexec/gcc/x86_64-redhat-linux/4.8.5/lto-wrapper
Target: x86_64-redhat-linux
Configured with: ../configure --prefix=/usr --mandir=/usr/share/man --infodir=/usr/share/info --with-bugurl=http://bugzilla.redhat.com/bugzilla --enable-bootstrap --enable-shared --enable-threads=posix --enable-checking=release --with-system-zlib --enable-__cxa_atexit --disable-libunwind-exceptions --enable-gnu-unique-object --enable-linker-build-id --with-linker-hash-style=gnu --enable-languages=c,c++,objc,obj-c++,java,fortran,ada,go,lto --enable-plugin --enable-initfini-array --disable-libgcj --with-isl=/builddir/build/BUILD/gcc-4.8.5-20150702/obj-x86_64-redhat-linux/isl-install --with-cloog=/builddir/build/BUILD/gcc-4.8.5-20150702/obj-x86_64-redhat-linux/cloog-install --enable-gnu-indirect-function --with-tune=generic --with-arch_32=x86-64 --build=x86_64-redhat-linux
Thread model: posix
gcc version 4.8.5 20150623 (Red Hat 4.8.5-28) (GCC) 
configure:5468: $? = 0
configure:5475: g++ -V >&5
g++: error: unrecognized command line option '-V'
g++: fatal error: no input files
compilation terminated.
configure:5478: $? = 4
configure:5481: checking whether we are using the GNU C++ compiler
configure:5510: g++ -c   conftest.cpp >&5
configure:5516: $? = 0
configure:5533: result: yes
configure:5538: checking whether g++ accepts -g
configure:5568: g++ -c -g  conftest.cpp >&5
configure:5574: $? = 0
configure:5673: result: yes
configure:5698: checking dependency style of g++
configure:5789: result: gcc3
configure:5807: checking for OpenGL Utility library
configure:5865: g++ -o conftest -g -O2    conftest.cpp -lglu32   >&5
conftest.cpp:25:21: fatal error: GL/glu.h: No such file or directory
 # include <GL/glu.h>
                     ^
compilation terminated.
configure:5871: $? = 1
configure: failed program was:
| /* confdefs.h.  */
| #define PACKAGE_NAME "UNAFold"
| #define PACKAGE_TARNAME "unafold"
| #define PACKAGE_VERSION "3.6"
| #define PACKAGE_STRING "UNAFold 3.6"
| #define PACKAGE_BUGREPORT "markhn@rpi.edu"
| #define PACKAGE "unafold"
| #define VERSION "3.6"
| #define HAVE_PTHREAD 1
| #define STDC_HEADERS 1
| #define HAVE_SYS_TYPES_H 1
| #define HAVE_SYS_STAT_H 1
| #define HAVE_STDLIB_H 1
| #define HAVE_STRING_H 1
| #define HAVE_MEMORY_H 1
| #define HAVE_STRINGS_H 1
| #define HAVE_INTTYPES_H 1
| #define HAVE_STDINT_H 1
| #define HAVE_UNISTD_H 1
| /* end confdefs.h.  */
| 
| # if HAVE_WINDOWS_H && defined(_WIN32)
| #   include <windows.h>
| # endif
| # include <GL/glu.h>
| 
| int
| main ()
| {
| gluBeginCurve(0)
|   ;
|   return 0;
| }
configure:5865: g++ -o conftest -g -O2    conftest.cpp -lGLU   >&5
conftest.cpp:25:21: fatal error: GL/glu.h: No such file or directory
 # include <GL/glu.h>
                     ^
compilation terminated.
configure:5871: $? = 1
configure: failed program was:
| /* confdefs.h.  */
| #define PACKAGE_NAME "UNAFold"
| #define PACKAGE_TARNAME "unafold"
| #define PACKAGE_VERSION "3.6"
| #define PACKAGE_STRING "UNAFold 3.6"
| #define PACKAGE_BUGREPORT "markhn@rpi.edu"
| #define PACKAGE "unafold"
| #define VERSION "3.6"
| #define HAVE_PTHREAD 1
| #define STDC_HEADERS 1
| #define HAVE_SYS_TYPES_H 1
| #define HAVE_SYS_STAT_H 1
| #define HAVE_STDLIB_H 1
| #define HAVE_STRING_H 1
| #define HAVE_MEMORY_H 1
| #define HAVE_STRINGS_H 1
| #define HAVE_INTTYPES_H 1
| #define HAVE_STDINT_H 1
| #define HAVE_UNISTD_H 1
| /* end confdefs.h.  */
| 
| # if HAVE_WINDOWS_H && defined(_WIN32)
| #   include <windows.h>
| # endif
| # include <GL/glu.h>
| 
| int
| main ()
| {
| gluBeginCurve(0)
|   ;
|   return 0;
| }
configure:5899: result: no
configure:7012: checking for GLUT library
configure:7054: gcc -o conftest -g -O2    conftest.c -lglut32   >&5
conftest.c:26:22: fatal error: GL/glut.h: No such file or directory
 # include <GL/glut.h>
                      ^
compilation terminated.
configure:7060: $? = 1
configure: failed program was:
| /* confdefs.h.  */
| #define PACKAGE_NAME "UNAFold"
| #define PACKAGE_TARNAME "unafold"
| #define PACKAGE_VERSION "3.6"
| #define PACKAGE_STRING "UNAFold 3.6"
| #define PACKAGE_BUGREPORT "markhn@rpi.edu"
| #define PACKAGE "unafold"
| #define VERSION "3.6"
| #define HAVE_PTHREAD 1
| #define STDC_HEADERS 1
| #define HAVE_SYS_TYPES_H 1
| #define HAVE_SYS_STAT_H 1
| #define HAVE_STDLIB_H 1
| #define HAVE_STRING_H 1
| #define HAVE_MEMORY_H 1
| #define HAVE_STRINGS_H 1
| #define HAVE_INTTYPES_H 1
| #define HAVE_STDINT_H 1
| #define HAVE_UNISTD_H 1
| #define X_DISPLAY_MISSING 1
| /* end confdefs.h.  */
| 
| # if HAVE_WINDOWS_H && defined(_WIN32)
| #   include <windows.h>
| # endif
| # include <GL/glut.h>
| 
| int
| main ()
| {
| glutMainLoop()
|   ;
|   return 0;
| }
configure:7054: gcc -o conftest -g -O2    conftest.c -lglut   >&5
conftest.c:26:22: fatal error: GL/glut.h: No such file or directory
 # include <GL/glut.h>
                      ^
compilation terminated.
configure:7060: $? = 1
configure: failed program was:
| /* confdefs.h.  */
| #define PACKAGE_NAME "UNAFold"
| #define PACKAGE_TARNAME "unafold"
| #define PACKAGE_VERSION "3.6"
| #define PACKAGE_STRING "UNAFold 3.6"
| #define PACKAGE_BUGREPORT "markhn@rpi.edu"
| #define PACKAGE "unafold"
| #define VERSION "3.6"
| #define HAVE_PTHREAD 1
| #define STDC_HEADERS 1
| #define HAVE_SYS_TYPES_H 1
| #define HAVE_SYS_STAT_H 1
| #define HAVE_STDLIB_H 1
| #define HAVE_STRING_H 1
| #define HAVE_MEMORY_H 1
| #define HAVE_STRINGS_H 1
| #define HAVE_INTTYPES_H 1
| #define HAVE_STDINT_H 1
| #define HAVE_UNISTD_H 1
| #define X_DISPLAY_MISSING 1
| /* end confdefs.h.  */
| 
| # if HAVE_WINDOWS_H && defined(_WIN32)
| #   include <windows.h>
| # endif
| # include <GL/glut.h>
| 
| int
| main ()
| {
| glutMainLoop()
|   ;
|   return 0;
| }
configure:7081: result: no
configure:7124: checking for gdlib-config
configure:7158: result: no
configure:7172: checking for inflateReset in -lz
configure:7207: gcc -o conftest -g -O2   conftest.c -lz   >&5
configure:7213: $? = 0
configure:7231: result: yes
configure:7237: checking for png_check_sig in -lpng
configure:7272: gcc -o conftest -g -O2   conftest.c -lpng -lz  >&5
/usr/bin/ld: cannot find -lpng
collect2: error: ld returned 1 exit status
configure:7278: $? = 1
configure: failed program was:
| /* confdefs.h.  */
| #define PACKAGE_NAME "UNAFold"
| #define PACKAGE_TARNAME "unafold"
| #define PACKAGE_VERSION "3.6"
| #define PACKAGE_STRING "UNAFold 3.6"
| #define PACKAGE_BUGREPORT "markhn@rpi.edu"
| #define PACKAGE "unafold"
| #define VERSION "3.6"
| #define HAVE_PTHREAD 1
| #define STDC_HEADERS 1
| #define HAVE_SYS_TYPES_H 1
| #define HAVE_SYS_STAT_H 1
| #define HAVE_STDLIB_H 1
| #define HAVE_STRING_H 1
| #define HAVE_MEMORY_H 1
| #define HAVE_STRINGS_H 1
| #define HAVE_INTTYPES_H 1
| #define HAVE_STDINT_H 1
| #define HAVE_UNISTD_H 1
| #define X_DISPLAY_MISSING 1
| /* end confdefs.h.  */
| 
| /* Override any GCC internal prototype to avoid an error.
|    Use char because int might match the return type of a GCC
|    builtin and then its argument prototype would still apply.  */
| #ifdef __cplusplus
| extern "C"
| #endif
| char png_check_sig ();
| int
| main ()
| {
| return png_check_sig ();
|   ;
|   return 0;
| }
configure:7296: result: no
configure:7309: checking for gdImageCreate in -lgd
configure:7344: gcc -o conftest  -g -O2    conftest.c -lgd -lz  >&5
/usr/bin/ld: cannot find -lgd
collect2: error: ld returned 1 exit status
configure:7350: $? = 1
configure: failed program was:
| /* confdefs.h.  */
| #define PACKAGE_NAME "UNAFold"
| #define PACKAGE_TARNAME "unafold"
| #define PACKAGE_VERSION "3.6"
| #define PACKAGE_STRING "UNAFold 3.6"
| #define PACKAGE_BUGREPORT "markhn@rpi.edu"
| #define PACKAGE "unafold"
| #define VERSION "3.6"
| #define HAVE_PTHREAD 1
| #define STDC_HEADERS 1
| #define HAVE_SYS_TYPES_H 1
| #define HAVE_SYS_STAT_H 1
| #define HAVE_STDLIB_H 1
| #define HAVE_STRING_H 1
| #define HAVE_MEMORY_H 1
| #define HAVE_STRINGS_H 1
| #define HAVE_INTTYPES_H 1
| #define HAVE_STDINT_H 1
| #define HAVE_UNISTD_H 1
| #define X_DISPLAY_MISSING 1
| /* end confdefs.h.  */
| 
| /* Override any GCC internal prototype to avoid an error.
|    Use char because int might match the return type of a GCC
|    builtin and then its argument prototype would still apply.  */
| #ifdef __cplusplus
| extern "C"
| #endif
| char gdImageCreate ();
| int
| main ()
| {
| return gdImageCreate ();
|   ;
|   return 0;
| }
configure:7368: result: no
configure:7615: checking for dirent.h that defines DIR
configure:7644: gcc -c -g -O2  conftest.c >&5
configure:7650: $? = 0
configure:7666: result: yes
configure:7679: checking for library containing opendir
configure:7720: gcc -o conftest -g -O2   conftest.c  >&5
configure:7726: $? = 0
configure:7754: result: none required
configure:7848: checking for ANSI C header files
configure:8012: result: yes
configure:8042: checking fcntl.h usability
configure:8059: gcc -c -g -O2  conftest.c >&5
configure:8065: $? = 0
configure:8079: result: yes
configure:8083: checking fcntl.h presence
configure:8098: gcc -E  conftest.c
configure:8104: $? = 0
configure:8118: result: yes
configure:8151: checking for fcntl.h
configure:8159: result: yes
configure:8042: checking ieeefp.h usability
configure:8059: gcc -c -g -O2  conftest.c >&5
conftest.c:58:20: fatal error: ieeefp.h: No such file or directory
 #include <ieeefp.h>
                    ^
compilation terminated.
configure:8065: $? = 1
configure: failed program was:
| /* confdefs.h.  */
| #define PACKAGE_NAME "UNAFold"
| #define PACKAGE_TARNAME "unafold"
| #define PACKAGE_VERSION "3.6"
| #define PACKAGE_STRING "UNAFold 3.6"
| #define PACKAGE_BUGREPORT "markhn@rpi.edu"
| #define PACKAGE "unafold"
| #define VERSION "3.6"
| #define HAVE_PTHREAD 1
| #define STDC_HEADERS 1
| #define HAVE_SYS_TYPES_H 1
| #define HAVE_SYS_STAT_H 1
| #define HAVE_STDLIB_H 1
| #define HAVE_STRING_H 1
| #define HAVE_MEMORY_H 1
| #define HAVE_STRINGS_H 1
| #define HAVE_INTTYPES_H 1
| #define HAVE_STDINT_H 1
| #define HAVE_UNISTD_H 1
| #define X_DISPLAY_MISSING 1
| #define HAVE_DIRENT_H 1
| #define STDC_HEADERS 1
| #define HAVE_FCNTL_H 1
| /* end confdefs.h.  */
| #include <stdio.h>
| #ifdef HAVE_SYS_TYPES_H
| # include <sys/types.h>
| #endif
| #ifdef HAVE_SYS_STAT_H
| # include <sys/stat.h>
| #endif
| #ifdef STDC_HEADERS
| # include <stdlib.h>
| # include <stddef.h>
| #else
| # ifdef HAVE_STDLIB_H
| #  include <stdlib.h>
| # endif
| #endif
| #ifdef HAVE_STRING_H
| # if !defined STDC_HEADERS && defined HAVE_MEMORY_H
| #  include <memory.h>
| # endif
| # include <string.h>
| #endif
| #ifdef HAVE_STRINGS_H
| # include <strings.h>
| #endif
| #ifdef HAVE_INTTYPES_H
| # include <inttypes.h>
| #endif
| #ifdef HAVE_STDINT_H
| # include <stdint.h>
| #endif
| #ifdef HAVE_UNISTD_H
| # include <unistd.h>
| #endif
| #include <ieeefp.h>
configure:8079: result: no
configure:8083: checking ieeefp.h presence
configure:8098: gcc -E  conftest.c
conftest.c:25:20: fatal error: ieeefp.h: No such file or directory
 #include <ieeefp.h>
                    ^
compilation terminated.
configure:8104: $? = 1
configure: failed program was:
| /* confdefs.h.  */
| #define PACKAGE_NAME "UNAFold"
| #define PACKAGE_TARNAME "unafold"
| #define PACKAGE_VERSION "3.6"
| #define PACKAGE_STRING "UNAFold 3.6"
| #define PACKAGE_BUGREPORT "markhn@rpi.edu"
| #define PACKAGE "unafold"
| #define VERSION "3.6"
| #define HAVE_PTHREAD 1
| #define STDC_HEADERS 1
| #define HAVE_SYS_TYPES_H 1
| #define HAVE_SYS_STAT_H 1
| #define HAVE_STDLIB_H 1
| #define HAVE_STRING_H 1
| #define HAVE_MEMORY_H 1
| #define HAVE_STRINGS_H 1
| #define HAVE_INTTYPES_H 1
| #define HAVE_STDINT_H 1
| #define HAVE_UNISTD_H 1
| #define X_DISPLAY_MISSING 1
| #define HAVE_DIRENT_H 1
| #define STDC_HEADERS 1
| #define HAVE_FCNTL_H 1
| /* end confdefs.h.  */
| #include <ieeefp.h>
configure:8118: result: no
configure:8151: checking for ieeefp.h
configure:8159: result: no
configure:8042: checking libintl.h usability
configure:8059: gcc -c -g -O2  conftest.c >&5
configure:8065: $? = 0
configure:8079: result: yes
configure:8083: checking libintl.h presence
configure:8098: gcc -E  conftest.c
configure:8104: $? = 0
configure:8118: result: yes
configure:8151: checking for libintl.h
configure:8159: result: yes
configure:8042: checking limits.h usability
configure:8059: gcc -c -g -O2  conftest.c >&5
configure:8065: $? = 0
configure:8079: result: yes
configure:8083: checking limits.h presence
configure:8098: gcc -E  conftest.c
configure:8104: $? = 0
configure:8118: result: yes
configure:8151: checking for limits.h
configure:8159: result: yes
configure:8032: checking for stdlib.h
configure:8038: result: yes
configure:8032: checking for string.h
configure:8038: result: yes
configure:8174: checking for an ANSI C-conforming const
configure:8249: gcc -c -g -O2  conftest.c >&5
configure:8255: $? = 0
configure:8270: result: yes
configure:8283: checking whether scanf() understands "inf"
configure:8310: gcc -o conftest -g -O2   conftest.c  >&5
configure:8313: $? = 0
configure:8319: ./conftest
configure:8322: $? = 0
configure:8324: result: yes
configure:8663: creating ./config.status

## ---------------------- ##
## Running config.status. ##
## ---------------------- ##

This file was extended by UNAFold config.status 3.6, which was
generated by GNU Autoconf 2.61.  Invocation command line was

  CONFIG_FILES    = 
  CONFIG_HEADERS  = 
  CONFIG_LINKS    = 
  CONFIG_COMMANDS = 
  $ ./config.status 

on pbaileywebcit

config.status:745: creating Makefile
config.status:745: creating src/Makefile
config.status:745: creating scripts/Makefile
config.status:745: creating data/Makefile
config.status:745: creating doc/Makefile
config.status:745: creating tests/Makefile
config.status:745: creating scripts/concentrations.pl
config.status:745: creating scripts/concentrations-same.pl
config.status:745: creating scripts/hybrid2.pl
config.status:745: creating scripts/hybrid-2s.pl
config.status:745: creating scripts/hybrid-ss-2s.pl
config.status:745: creating scripts/hybrid-select.pl
config.status:745: creating scripts/melt.pl
config.status:745: creating scripts/plot2ann.pl
config.status:745: creating scripts/h-num.pl
config.status:745: creating scripts/ss-count.pl
config.status:745: creating scripts/ct-energy-det.pl
config.status:745: creating scripts/UNAFold.pl
config.status:745: creating scripts/ITC-plot.pl
config.status:745: creating scripts/vantHoff-plot.pl
config.status:745: creating doc/hybrid.1
config.status:745: creating doc/hybrid-min.1
config.status:745: creating doc/hybrid-ss.1
config.status:745: creating doc/hybrid-ss-min.1
config.status:745: creating doc/hybrid-ss-noml.1
config.status:745: creating doc/hybrid-ss-simple.1
config.status:745: creating doc/hybrid-plot.1
config.status:745: creating doc/hybrid-plot-ng.1
config.status:745: creating doc/concentration.1
config.status:745: creating doc/concentration-same.1
config.status:745: creating doc/concentrations.pl.1
config.status:745: creating doc/concentrations-same.pl.1
config.status:745: creating doc/ensemble-dg.1
config.status:745: creating doc/ensemble-dg-same.1
config.status:745: creating doc/ensemble-ext.1
config.status:745: creating doc/ensemble-ext-same.1
config.status:745: creating doc/dG2dH.1
config.status:745: creating doc/dG2dS.1
config.status:745: creating doc/dG2Cp.1
config.status:745: creating doc/ct-energy.1
config.status:745: creating doc/hybrid2.pl.1
config.status:745: creating doc/hybrid2-x.pl.1
config.status:745: creating doc/hybrid2-min.pl.1
config.status:745: creating doc/hybrid2-min-x.pl.1
config.status:745: creating doc/hybrid2-2s.pl.1
config.status:745: creating doc/hybrid2-2s-x.pl.1
config.status:745: creating doc/ct-ext.1
config.status:745: creating doc/ct-uniq.1
config.status:745: creating doc/hybrid-2s.pl.1
config.status:745: creating doc/hybrid-ss-2s.pl.1
config.status:745: creating doc/ct-prob.1
config.status:745: creating doc/melt.pl.1
config.status:745: creating doc/plot2ann.pl.1
config.status:745: creating doc/h-num.pl.1
config.status:745: creating doc/ss-count.pl.1
config.status:745: creating doc/hybrid-select.pl.1
config.status:745: creating doc/ct2rnaml.1
config.status:745: creating doc/ct-energy-det.pl.1
config.status:745: creating doc/UNAFold.pl.1
config.status:745: creating doc/ITC-plot.pl.1
config.status:745: creating doc/vantHoff-plot.pl.1
config.status:745: creating config.h
config.status:1027: executing depfiles commands

## ---------------- ##
## Cache variables. ##
## ---------------- ##

ac_cv_build=x86_64-unknown-linux-gnu
ac_cv_c_compiler_gnu=yes
ac_cv_c_const=yes
ac_cv_cxx_compiler_gnu=yes
ac_cv_env_CCC_set=
ac_cv_env_CCC_value=
ac_cv_env_CC_set=
ac_cv_env_CC_value=
ac_cv_env_CFLAGS_set=
ac_cv_env_CFLAGS_value=
ac_cv_env_CPPFLAGS_set=
ac_cv_env_CPPFLAGS_value=
ac_cv_env_CPP_set=
ac_cv_env_CPP_value=
ac_cv_env_CXXFLAGS_set=
ac_cv_env_CXXFLAGS_value=
ac_cv_env_CXX_set=
ac_cv_env_CXX_value=
ac_cv_env_LDFLAGS_set=
ac_cv_env_LDFLAGS_value=
ac_cv_env_LIBS_set=
ac_cv_env_LIBS_value=
ac_cv_env_XMKMF_set=
ac_cv_env_XMKMF_value=
ac_cv_env_build_alias_set=
ac_cv_env_build_alias_value=
ac_cv_env_host_alias_set=
ac_cv_env_host_alias_value=
ac_cv_env_target_alias_set=
ac_cv_env_target_alias_value=
ac_cv_have_x=have_x=no
ac_cv_header_dirent_dirent_h=yes
ac_cv_header_fcntl_h=yes
ac_cv_header_ieeefp_h=no
ac_cv_header_inttypes_h=yes
ac_cv_header_libintl_h=yes
ac_cv_header_limits_h=yes
ac_cv_header_memory_h=yes
ac_cv_header_stdc=yes
ac_cv_header_stdint_h=yes
ac_cv_header_stdlib_h=yes
ac_cv_header_string_h=yes
ac_cv_header_strings_h=yes
ac_cv_header_sys_stat_h=yes
ac_cv_header_sys_types_h=yes
ac_cv_header_unistd_h=yes
ac_cv_header_windows_h=no
ac_cv_host=x86_64-unknown-linux-gnu
ac_cv_lib_gd_gdImageCreate=no
ac_cv_lib_png_png_check_sig=no
ac_cv_lib_z_inflateReset=yes
ac_cv_objext=o
ac_cv_path_EGREP='/usr/bin/grep -E'
ac_cv_path_GREP=/usr/bin/grep
ac_cv_path_PERL=/usr/bin/perl
ac_cv_path_install='/usr/bin/install -c'
ac_cv_path_mkdir=/usr/bin/mkdir
ac_cv_prog_AWK=gawk
ac_cv_prog_CPP='gcc -E'
ac_cv_prog_PTHREAD_CC=gcc
ac_cv_prog_ac_ct_CC=gcc
ac_cv_prog_ac_ct_CXX=g++
ac_cv_prog_cc_c89=
ac_cv_prog_cc_g=yes
ac_cv_prog_cxx_g=yes
ac_cv_prog_make_make_set=yes
ac_cv_search_opendir='none required'
am_cv_CC_dependencies_compiler_type=gcc3
am_cv_CXX_dependencies_compiler_type=gcc3
ax_cv_check_gl_libgl=no
ax_cv_check_glu_libglu=no
ax_cv_check_glut_libglut=no

## ----------------- ##
## Output variables. ##
## ----------------- ##

ACLOCAL='${SHELL} /home/oaydemir/programs/unafold-3.6/config/missing --run aclocal-1.10'
AMDEPBACKSLASH='\'
AMDEP_FALSE='#'
AMDEP_TRUE=''
AMTAR='${SHELL} /home/oaydemir/programs/unafold-3.6/config/missing --run tar'
AUTOCONF='${SHELL} /home/oaydemir/programs/unafold-3.6/config/missing --run autoconf'
AUTOHEADER='${SHELL} /home/oaydemir/programs/unafold-3.6/config/missing --run autoheader'
AUTOMAKE='${SHELL} /home/oaydemir/programs/unafold-3.6/config/missing --run automake-1.10'
AWK='gawk'
CC='gcc'
CCDEPMODE='depmode=gcc3'
CFLAGS='-g -O2'
COVERAGE_FALSE=''
COVERAGE_TRUE='#'
CPP='gcc -E'
CPPFLAGS=''
CXX='g++'
CXXDEPMODE='depmode=gcc3'
CXXFLAGS='-g -O2'
CYGPATH_W='echo'
DATE='February 2008'
DEFS='-DHAVE_CONFIG_H'
DEPDIR='.deps'
ECHO_C=''
ECHO_N='-n'
ECHO_T=''
EGREP='/usr/bin/grep -E'
EXEEXT=''
GDLIB_CONFIG=''
GD_CFLAGS=''
GD_LDFLAGS=''
GD_LIBS=''
GLUT_CFLAGS=''
GLUT_FALSE=''
GLUT_LIBS=''
GLUT_TRUE='#'
GLU_CFLAGS=''
GLU_LIBS=''
GL_CFLAGS=''
GL_LIBS=''
GNUPLOT=''
GREP='/usr/bin/grep'
HAVE_GCOV=''
INFINITY='inf'
INSTALL_DATA='${INSTALL} -m 644'
INSTALL_PROGRAM='${INSTALL}'
INSTALL_SCRIPT='${INSTALL}'
INSTALL_STRIP_PROGRAM='$(install_sh) -c -s'
LDFLAGS=''
LIBOBJS=''
LIBS=''
LN_S='ln -s'
LTLIBOBJS=''
MAKEINFO='${SHELL} /home/oaydemir/programs/unafold-3.6/config/missing --run makeinfo'
OBJEXT='o'
PACKAGE='unafold'
PACKAGE_BUGREPORT='markhn@rpi.edu'
PACKAGE_NAME='UNAFold'
PACKAGE_STRING='UNAFold 3.6'
PACKAGE_TARNAME='unafold'
PACKAGE_VERSION='3.6'
PATH_SEPARATOR=':'
PERL='/usr/bin/perl'
PTHREAD_CC='gcc'
PTHREAD_CFLAGS='-pthread'
PTHREAD_LIBS=''
SET_MAKE=''
SHELL='/bin/sh'
STRIP=''
VERSION='3.6'
XMKMF=''
X_CFLAGS=''
X_EXTRA_LIBS=''
X_LIBS=''
X_PRE_LIBS=''
ac_ct_CC='gcc'
ac_ct_CXX='g++'
acx_pthread_config=''
am__fastdepCC_FALSE='#'
am__fastdepCC_TRUE=''
am__fastdepCXX_FALSE='#'
am__fastdepCXX_TRUE=''
am__include='include'
am__isrc=''
am__leading_dot='.'
am__quote=''
am__tar='${AMTAR} chof - "$$tardir"'
am__untar='${AMTAR} xf -'
bindir='${exec_prefix}/bin'
build='x86_64-unknown-linux-gnu'
build_alias=''
build_cpu='x86_64'
build_os='linux-gnu'
build_vendor='unknown'
datadir='${datarootdir}'
datarootdir='${prefix}/share'
docdir='${datarootdir}/doc/${PACKAGE_TARNAME}'
dvidir='${docdir}'
exec_prefix='${prefix}'
host='x86_64-unknown-linux-gnu'
host_alias=''
host_cpu='x86_64'
host_os='linux-gnu'
host_vendor='unknown'
htmldir='${docdir}'
includedir='${prefix}/include'
infodir='${datarootdir}/info'
install_sh='$(SHELL) /home/oaydemir/programs/unafold-3.6/config/install-sh'
libdir='${exec_prefix}/lib'
libexecdir='${exec_prefix}/libexec'
localedir='${datarootdir}/locale'
localstatedir='${prefix}/var'
mandir='${datarootdir}/man'
mkdir_p='/usr/bin/mkdir -p'
oldincludedir='/usr/include'
pdfdir='${docdir}'
prefix='/srv/data/aydemiro'
program_transform_name='s,x,x,'
psdir='${docdir}'
sbindir='${exec_prefix}/sbin'
sharedstatedir='${prefix}/com'
sysconfdir='${prefix}/etc'
target_alias=''

## ------------------- ##
## File substitutions. ##
## ------------------- ##

REFERENCES='./doc/references'

## ----------- ##
## confdefs.h. ##
## ----------- ##

#define PACKAGE_NAME "UNAFold"
#define PACKAGE_TARNAME "unafold"
#define PACKAGE_VERSION "3.6"
#define PACKAGE_STRING "UNAFold 3.6"
#define PACKAGE_BUGREPORT "markhn@rpi.edu"
#define PACKAGE "unafold"
#define VERSION "3.6"
#define HAVE_PTHREAD 1
#define STDC_HEADERS 1
#define HAVE_SYS_TYPES_H 1
#define HAVE_SYS_STAT_H 1
#define HAVE_STDLIB_H 1
#define HAVE_STRING_H 1
#define HAVE_MEMORY_H 1
#define HAVE_STRINGS_H 1
#define HAVE_INTTYPES_H 1
#define HAVE_STDINT_H 1
#define HAVE_UNISTD_H 1
#define X_DISPLAY_MISSING 1
#define HAVE_DIRENT_H 1
#define STDC_HEADERS 1
#define HAVE_FCNTL_H 1
#define HAVE_LIBINTL_H 1
#define HAVE_LIMITS_H 1
#define HAVE_STDLIB_H 1
#define HAVE_STRING_H 1
#define ENABLE_FORCE 1

configure: exit 0
